Started GET "/" for 127.0.0.1 at 2017-10-31 10:09:23 +0100
  
ActiveRecord::PendingMigrationError (

Migrations are pending. To resolve this issue, run:

        bin/rails db:migrate RAILS_ENV=development

):
  
activerecord (5.1.2) lib/active_record/migration.rb:576:in `check_pending!'
activerecord (5.1.2) lib/active_record/migration.rb:553:in `call'
actionpack (5.1.2) lib/action_dispatch/middleware/callbacks.rb:26:in `block in call'
activesupport (5.1.2) lib/active_support/callbacks.rb:97:in `run_callbacks'
actionpack (5.1.2) lib/action_dispatch/middleware/callbacks.rb:24:in `call'
actionpack (5.1.2) lib/action_dispatch/middleware/executor.rb:12:in `call'
actionpack (5.1.2) lib/action_dispatch/middleware/debug_exceptions.rb:59:in `call'
web-console (3.5.1) lib/web_console/middleware.rb:135:in `call_app'
web-console (3.5.1) lib/web_console/middleware.rb:28:in `block in call'
web-console (3.5.1) lib/web_console/middleware.rb:18:in `catch'
web-console (3.5.1) lib/web_console/middleware.rb:18:in `call'
actionpack (5.1.2) lib/action_dispatch/middleware/show_exceptions.rb:31:in `call'
railties (5.1.2) lib/rails/rack/logger.rb:36:in `call_app'
railties (5.1.2) lib/rails/rack/logger.rb:24:in `block in call'
activesupport (5.1.2) lib/active_support/tagged_logging.rb:69:in `block in tagged'
activesupport (5.1.2) lib/active_support/tagged_logging.rb:26:in `tagged'
activesupport (5.1.2) lib/active_support/tagged_logging.rb:69:in `tagged'
railties (5.1.2) lib/rails/rack/logger.rb:24:in `call'
sprockets-rails (3.2.1) lib/sprockets/rails/quiet_assets.rb:13:in `call'
actionpack (5.1.2) lib/action_dispatch/middleware/remote_ip.rb:79:in `call'
actionpack (5.1.2) lib/action_dispatch/middleware/request_id.rb:25:in `call'
rack (2.0.3) lib/rack/method_override.rb:22:in `call'
rack (2.0.3) lib/rack/runtime.rb:22:in `call'
activesupport (5.1.2) lib/active_support/cache/strategy/local_cache_middleware.rb:27:in `call'
actionpack (5.1.2) lib/action_dispatch/middleware/executor.rb:12:in `call'
actionpack (5.1.2) lib/action_dispatch/middleware/static.rb:125:in `call'
rack (2.0.3) lib/rack/sendfile.rb:111:in `call'
railties (5.1.2) lib/rails/engine.rb:522:in `call'
puma (3.9.1) lib/puma/configuration.rb:224:in `call'
puma (3.9.1) lib/puma/server.rb:602:in `handle_request'
puma (3.9.1) lib/puma/server.rb:435:in `process_client'
puma (3.9.1) lib/puma/server.rb:299:in `block in run'
puma (3.9.1) lib/puma/thread_pool.rb:120:in `block in spawn_thread'
  [1m[35m (0.1ms)[0m  [1m[34mSELECT sqlite_version(*)[0m
  [1m[35m (5.4ms)[0m  [1m[35mCREATE TABLE "schema_migrations" ("version" varchar NOT NULL PRIMARY KEY)[0m
  [1m[35m (1.7ms)[0m  [1m[35mCREATE TABLE "ar_internal_metadata" ("key" varchar NOT NULL PRIMARY KEY, "value" varchar, "created_at" datetime NOT NULL, "updated_at" datetime NOT NULL)[0m
  [1m[35m (0.3ms)[0m  [1m[34mSELECT "schema_migrations"."version" FROM "schema_migrations" ORDER BY "schema_migrations"."version" ASC[0m
Migrating to CreateUsers (20171030125124)
  [1m[35m (0.1ms)[0m  [1m[36mbegin transaction[0m
  [1m[35m (0.5ms)[0m  [1m[35mCREATE TABLE "users" ("id" INTEGER PRIMARY KEY AUTOINCREMENT NOT NULL, "email" varchar, "username" varchar, "password_digest" varchar, "created_at" datetime NOT NULL, "updated_at" datetime NOT NULL)[0m
  [1m[35mSQL (0.2ms)[0m  [1m[32mINSERT INTO "schema_migrations" ("version") VALUES (?)[0m  [["version", "20171030125124"]]
  [1m[35m (1.4ms)[0m  [1m[36mcommit transaction[0m
  [1m[36mActiveRecord::InternalMetadata Load (0.2ms)[0m  [1m[34mSELECT  "ar_internal_metadata".* FROM "ar_internal_metadata" WHERE "ar_internal_metadata"."key" = ? LIMIT ?[0m  [["key", "environment"], ["LIMIT", 1]]
  [1m[35m (0.1ms)[0m  [1m[36mbegin transaction[0m
  [1m[35mSQL (0.4ms)[0m  [1m[32mINSERT INTO "ar_internal_metadata" ("key", "value", "created_at", "updated_at") VALUES (?, ?, ?, ?)[0m  [["key", "environment"], ["value", "development"], ["created_at", "2017-10-31 09:10:11.183841"], ["updated_at", "2017-10-31 09:10:11.183841"]]
  [1m[35m (3.3ms)[0m  [1m[36mcommit transaction[0m
  [1m[35m (0.1ms)[0m  [1m[34mSELECT "schema_migrations"."version" FROM "schema_migrations" ORDER BY "schema_migrations"."version" ASC[0m
Started GET "/" for 127.0.0.1 at 2017-10-31 10:10:15 +0100
  [1m[35m (0.1ms)[0m  [1m[34mSELECT "schema_migrations"."version" FROM "schema_migrations" ORDER BY "schema_migrations"."version" ASC[0m
Processing by StaticPagesController#home as HTML
  Rendering static_pages/home.html.erb within layouts/application
  Rendered static_pages/home.html.erb within layouts/application (5081.4ms)
  Rendered layouts/_shim.html.erb (0.8ms)
  Rendered layouts/_head.html.erb (265.3ms)
  [1m[36mUser Load (0.3ms)[0m  [1m[34mSELECT  "users".* FROM "users" WHERE "users"."id" IS NULL LIMIT ?[0m  [["LIMIT", 1]]
  Rendered layouts/_header.html.erb (9.2ms)
Completed 200 OK in 5413ms (Views: 5397.8ms | ActiveRecord: 1.2ms)


Started GET "/secret" for 127.0.0.1 at 2017-10-31 10:10:39 +0100
Processing by StaticPagesController#secret_page as HTML
  [1m[36mUser Load (0.2ms)[0m  [1m[34mSELECT  "users".* FROM "users" WHERE "users"."id" IS NULL LIMIT ?[0m  [["LIMIT", 1]]
Redirected to http://localhost:3000/
Filter chain halted as :require_login rendered or redirected
Completed 302 Found in 2ms (ActiveRecord: 0.2ms)


Started GET "/" for 127.0.0.1 at 2017-10-31 10:10:39 +0100
Processing by StaticPagesController#home as HTML
  Rendering static_pages/home.html.erb within layouts/application
  Rendered static_pages/home.html.erb within layouts/application (2.6ms)
  Rendered layouts/_shim.html.erb (0.3ms)
  Rendered layouts/_head.html.erb (31.0ms)
  [1m[36mUser Load (0.3ms)[0m  [1m[34mSELECT  "users".* FROM "users" WHERE "users"."id" IS NULL LIMIT ?[0m  [["LIMIT", 1]]
  Rendered layouts/_header.html.erb (2.9ms)
Completed 200 OK in 56ms (Views: 51.6ms | ActiveRecord: 0.3ms)


Started GET "/login" for 127.0.0.1 at 2017-10-31 10:11:34 +0100
Processing by SessionsController#new as HTML
  Rendering sessions/new.html.erb within layouts/application
  Rendered sessions/new.html.erb within layouts/application (129.6ms)
  Rendered layouts/_shim.html.erb (0.4ms)
  Rendered layouts/_head.html.erb (36.7ms)
  [1m[36mUser Load (0.3ms)[0m  [1m[34mSELECT  "users".* FROM "users" WHERE "users"."id" IS NULL LIMIT ?[0m  [["LIMIT", 1]]
  Rendered layouts/_header.html.erb (3.5ms)
Completed 200 OK in 185ms (Views: 182.3ms | ActiveRecord: 0.3ms)


Started POST "/login" for 127.0.0.1 at 2017-10-31 10:11:43 +0100
Processing by SessionsController#create as HTML
  Parameters: {"utf8"=>"✓", "authenticity_token"=>"zaE2fn5nTejaM4J8/1TVXSfWjkFSQowRfuCgVE0dwlPx15HMAo76I7dUVvO5yYucPark15vTLsCEmTlPewgUWQ==", "session"=>{"email"=>"test@test.fr", "password"=>"[FILTERED]"}, "commit"=>"Log in"}
  [1m[36mUser Load (0.3ms)[0m  [1m[34mSELECT  "users".* FROM "users" WHERE "users"."email" = ? LIMIT ?[0m  [["email", "test@test.fr"], ["LIMIT", 1]]
  Rendering sessions/new.html.erb within layouts/application
  Rendered sessions/new.html.erb within layouts/application (2.1ms)
  Rendered layouts/_shim.html.erb (0.9ms)
  Rendered layouts/_head.html.erb (37.0ms)
  [1m[36mUser Load (0.2ms)[0m  [1m[34mSELECT  "users".* FROM "users" WHERE "users"."id" IS NULL LIMIT ?[0m  [["LIMIT", 1]]
  Rendered layouts/_header.html.erb (2.8ms)
Completed 200 OK in 86ms (Views: 55.6ms | ActiveRecord: 0.5ms)


Started GET "/signup" for 127.0.0.1 at 2017-10-31 10:11:46 +0100
Processing by UsersController#new as HTML
  Rendering users/new.html.erb within layouts/application
  Rendered shared/_error_messages.html.erb (0.5ms)
  Rendered users/new.html.erb within layouts/application (6.0ms)
  Rendered layouts/_shim.html.erb (0.4ms)
  Rendered layouts/_head.html.erb (36.4ms)
  [1m[36mUser Load (0.3ms)[0m  [1m[34mSELECT  "users".* FROM "users" WHERE "users"."id" IS NULL LIMIT ?[0m  [["LIMIT", 1]]
  Rendered layouts/_header.html.erb (2.3ms)
Completed 200 OK in 69ms (Views: 57.4ms | ActiveRecord: 0.9ms)


Started POST "/signup" for 127.0.0.1 at 2017-10-31 10:12:05 +0100
Processing by UsersController#create as HTML
  Parameters: {"utf8"=>"✓", "authenticity_token"=>"JZpZAfzJK5dvpHtVhCbYpXByhZRb+6yQAq3gTZLfVXU24smB/+6EBQz6mM8onqFf/17zSDxwVaYHZzrlGL9GPA==", "user"=>{"username"=>"test", "email"=>"test@test.fr", "password"=>"[FILTERED]", "password_confirmation"=>"[FILTERED]"}, "commit"=>"Create my account"}
  [1m[35m (0.1ms)[0m  [1m[36mbegin transaction[0m
  [1m[36mUser Exists (33.5ms)[0m  [1m[34mSELECT  1 AS one FROM "users" WHERE LOWER("users"."email") = LOWER(?) LIMIT ?[0m  [["email", "test@test.fr"], ["LIMIT", 1]]
  [1m[35m (0.1ms)[0m  [1m[31mrollback transaction[0m
  Rendering users/new.html.erb within layouts/application
  Rendered shared/_error_messages.html.erb (0.7ms)
  Rendered users/new.html.erb within layouts/application (5.7ms)
  Rendered layouts/_shim.html.erb (0.4ms)
  Rendered layouts/_head.html.erb (36.8ms)
  [1m[36mUser Load (0.3ms)[0m  [1m[34mSELECT  "users".* FROM "users" WHERE "users"."id" IS NULL LIMIT ?[0m  [["LIMIT", 1]]
  Rendered layouts/_header.html.erb (2.9ms)
Completed 200 OK in 205ms (Views: 60.9ms | ActiveRecord: 33.9ms)


Started POST "/signup" for 127.0.0.1 at 2017-10-31 10:12:14 +0100
Processing by UsersController#create as HTML
  Parameters: {"utf8"=>"✓", "authenticity_token"=>"5ylMdIlFO7BV6Y3ThKICxKWNk3F9+0yorGpDm8gT4gUDStTsVbvjyeVn4KdC5nbIyKB/SKpRyDpbg59PixakYA==", "user"=>{"username"=>"test", "email"=>"test@test.fr", "password"=>"[FILTERED]", "password_confirmation"=>"[FILTERED]"}, "commit"=>"Create my account"}
  [1m[35m (0.1ms)[0m  [1m[36mbegin transaction[0m
  [1m[36mUser Exists (0.2ms)[0m  [1m[34mSELECT  1 AS one FROM "users" WHERE LOWER("users"."email") = LOWER(?) LIMIT ?[0m  [["email", "test@test.fr"], ["LIMIT", 1]]
  [1m[35mSQL (0.4ms)[0m  [1m[32mINSERT INTO "users" ("email", "username", "password_digest", "created_at", "updated_at") VALUES (?, ?, ?, ?, ?)[0m  [["email", "test@test.fr"], ["username", "test"], ["password_digest", "$2a$10$/mKZBCboiapVToxfAVyqwO8W7LdrzzhbeE1HEtk9VUkqbDparsmdC"], ["created_at", "2017-10-31 09:12:14.762671"], ["updated_at", "2017-10-31 09:12:14.762671"]]
  [1m[35m (5.8ms)[0m  [1m[36mcommit transaction[0m
Redirected to http://localhost:3000/users/1
Completed 302 Found in 90ms (ActiveRecord: 6.4ms)


Started GET "/users/1" for 127.0.0.1 at 2017-10-31 10:12:14 +0100
Processing by UsersController#show as HTML
  Parameters: {"id"=>"1"}
  [1m[36mUser Load (0.3ms)[0m  [1m[34mSELECT  "users".* FROM "users" WHERE "users"."id" = ? LIMIT ?[0m  [["id", 1], ["LIMIT", 1]]
  [1m[36mUser Load (0.2ms)[0m  [1m[34mSELECT  "users".* FROM "users" WHERE "users"."id" = ? LIMIT ?[0m  [["id", 1], ["LIMIT", 1]]
  Rendering users/show.html.erb within layouts/application
  Rendered users/show.html.erb within layouts/application (1.3ms)
  Rendered layouts/_shim.html.erb (0.3ms)
  Rendered layouts/_head.html.erb (32.5ms)
  Rendered layouts/_header.html.erb (0.9ms)
Completed 200 OK in 87ms (Views: 45.7ms | ActiveRecord: 0.4ms)


Started GET "/secret" for 127.0.0.1 at 2017-10-31 10:12:18 +0100
Processing by StaticPagesController#secret_page as HTML
  [1m[36mUser Load (0.2ms)[0m  [1m[34mSELECT  "users".* FROM "users" WHERE "users"."id" = ? LIMIT ?[0m  [["id", 1], ["LIMIT", 1]]
  Rendering static_pages/secret_page.html.erb within layouts/application
  Rendered static_pages/secret_page.html.erb within layouts/application (2.6ms)
  Rendered layouts/_shim.html.erb (0.3ms)
  Rendered layouts/_head.html.erb (37.1ms)
  Rendered layouts/_header.html.erb (1.7ms)
Completed 200 OK in 64ms (Views: 59.9ms | ActiveRecord: 0.2ms)


Started GET "/" for 127.0.0.1 at 2017-10-31 10:12:29 +0100
Processing by StaticPagesController#home as HTML
  Rendering static_pages/home.html.erb within layouts/application
  Rendered static_pages/home.html.erb within layouts/application (3.2ms)
  Rendered layouts/_shim.html.erb (0.6ms)
  Rendered layouts/_head.html.erb (38.3ms)
  [1m[36mUser Load (0.2ms)[0m  [1m[34mSELECT  "users".* FROM "users" WHERE "users"."id" = ? LIMIT ?[0m  [["id", 1], ["LIMIT", 1]]
  Rendered layouts/_header.html.erb (2.6ms)
Completed 200 OK in 67ms (Views: 64.2ms | ActiveRecord: 0.2ms)


Started GET "/secret" for 127.0.0.1 at 2017-10-31 10:12:31 +0100
Processing by StaticPagesController#secret_page as HTML
  [1m[36mUser Load (0.2ms)[0m  [1m[34mSELECT  "users".* FROM "users" WHERE "users"."id" = ? LIMIT ?[0m  [["id", 1], ["LIMIT", 1]]
  Rendering static_pages/secret_page.html.erb within layouts/application
  Rendered static_pages/secret_page.html.erb within layouts/application (2.3ms)
  Rendered layouts/_shim.html.erb (0.5ms)
  Rendered layouts/_head.html.erb (43.4ms)
  Rendered layouts/_header.html.erb (1.0ms)
Completed 200 OK in 72ms (Views: 66.6ms | ActiveRecord: 0.2ms)


Started GET "/" for 127.0.0.1 at 2017-10-31 10:12:34 +0100
Processing by StaticPagesController#home as HTML
  Rendering static_pages/home.html.erb within layouts/application
  Rendered static_pages/home.html.erb within layouts/application (3.3ms)
  Rendered layouts/_shim.html.erb (0.3ms)
  Rendered layouts/_head.html.erb (55.8ms)
  [1m[36mUser Load (0.2ms)[0m  [1m[34mSELECT  "users".* FROM "users" WHERE "users"."id" = ? LIMIT ?[0m  [["id", 1], ["LIMIT", 1]]
  Rendered layouts/_header.html.erb (2.5ms)
Completed 200 OK in 88ms (Views: 83.0ms | ActiveRecord: 0.2ms)


Started GET "/users/1" for 127.0.0.1 at 2017-10-31 10:12:36 +0100
Processing by UsersController#show as HTML
  Parameters: {"id"=>"1"}
  [1m[36mUser Load (0.2ms)[0m  [1m[34mSELECT  "users".* FROM "users" WHERE "users"."id" = ? LIMIT ?[0m  [["id", 1], ["LIMIT", 1]]
  [1m[36mUser Load (0.1ms)[0m  [1m[34mSELECT  "users".* FROM "users" WHERE "users"."id" = ? LIMIT ?[0m  [["id", 1], ["LIMIT", 1]]
  Rendering users/show.html.erb within layouts/application
  Rendered users/show.html.erb within layouts/application (0.8ms)
  Rendered layouts/_shim.html.erb (0.3ms)
  Rendered layouts/_head.html.erb (46.4ms)
  Rendered layouts/_header.html.erb (0.9ms)
Completed 200 OK in 70ms (Views: 65.7ms | ActiveRecord: 0.3ms)


Started GET "/secret" for 127.0.0.1 at 2017-10-31 10:12:39 +0100
Processing by StaticPagesController#secret_page as HTML
  [1m[36mUser Load (0.2ms)[0m  [1m[34mSELECT  "users".* FROM "users" WHERE "users"."id" = ? LIMIT ?[0m  [["id", 1], ["LIMIT", 1]]
  Rendering static_pages/secret_page.html.erb within layouts/application
  Rendered static_pages/secret_page.html.erb within layouts/application (2.8ms)
  Rendered layouts/_shim.html.erb (0.6ms)
  Rendered layouts/_head.html.erb (40.1ms)
  Rendered layouts/_header.html.erb (1.8ms)
Completed 200 OK in 74ms (Views: 68.4ms | ActiveRecord: 0.2ms)


Started GET "/" for 127.0.0.1 at 2017-10-31 10:12:58 +0100
Processing by StaticPagesController#home as HTML
  Rendering static_pages/home.html.erb within layouts/application
  Rendered static_pages/home.html.erb within layouts/application (3.3ms)
  Rendered layouts/_shim.html.erb (0.4ms)
  Rendered layouts/_head.html.erb (43.8ms)
  [1m[36mUser Load (0.1ms)[0m  [1m[34mSELECT  "users".* FROM "users" WHERE "users"."id" = ? LIMIT ?[0m  [["id", 1], ["LIMIT", 1]]
  Rendered layouts/_header.html.erb (1.6ms)
Completed 200 OK in 74ms (Views: 69.5ms | ActiveRecord: 0.1ms)


Started GET "/secret" for 127.0.0.1 at 2017-10-31 10:13:03 +0100
Processing by StaticPagesController#secret_page as HTML
  [1m[36mUser Load (0.2ms)[0m  [1m[34mSELECT  "users".* FROM "users" WHERE "users"."id" = ? LIMIT ?[0m  [["id", 1], ["LIMIT", 1]]
  Rendering static_pages/secret_page.html.erb within layouts/application
  Rendered static_pages/secret_page.html.erb within layouts/application (2.4ms)
  Rendered layouts/_shim.html.erb (0.3ms)
  Rendered layouts/_head.html.erb (40.8ms)
  Rendered layouts/_header.html.erb (1.5ms)
Completed 200 OK in 71ms (Views: 65.8ms | ActiveRecord: 0.2ms)


Started DELETE "/logout" for 127.0.0.1 at 2017-10-31 10:17:55 +0100
Processing by SessionsController#destroy as HTML
  Parameters: {"authenticity_token"=>"Th+RS3AUkVRvjMdAPpgaERyGUWKaNw1TuSrvepwxKh6qfAnTrOpJLd8CqjT43G4dcau9W02dicFOwzOu3zRsew=="}
Redirected to http://localhost:3000/
Completed 302 Found in 1ms (ActiveRecord: 0.0ms)


Started GET "/" for 127.0.0.1 at 2017-10-31 10:17:55 +0100
Processing by StaticPagesController#home as HTML
  Rendering static_pages/home.html.erb within layouts/application
  Rendered static_pages/home.html.erb within layouts/application (2.5ms)
  Rendered layouts/_shim.html.erb (0.4ms)
  Rendered layouts/_head.html.erb (34.0ms)
  [1m[36mUser Load (0.2ms)[0m  [1m[34mSELECT  "users".* FROM "users" WHERE "users"."id" IS NULL LIMIT ?[0m  [["LIMIT", 1]]
  Rendered layouts/_header.html.erb (2.1ms)
Completed 200 OK in 54ms (Views: 51.2ms | ActiveRecord: 0.2ms)


Started GET "/secret" for 127.0.0.1 at 2017-10-31 10:17:57 +0100
Processing by StaticPagesController#secret_page as HTML
  [1m[36mUser Load (0.2ms)[0m  [1m[34mSELECT  "users".* FROM "users" WHERE "users"."id" IS NULL LIMIT ?[0m  [["LIMIT", 1]]
Redirected to http://localhost:3000/
Filter chain halted as :require_login rendered or redirected
Completed 302 Found in 2ms (ActiveRecord: 0.2ms)


Started GET "/" for 127.0.0.1 at 2017-10-31 10:17:57 +0100
Processing by StaticPagesController#home as HTML
  Rendering static_pages/home.html.erb within layouts/application
  Rendered static_pages/home.html.erb within layouts/application (2.1ms)
  Rendered layouts/_shim.html.erb (0.4ms)
  Rendered layouts/_head.html.erb (33.0ms)
  [1m[36mUser Load (0.2ms)[0m  [1m[34mSELECT  "users".* FROM "users" WHERE "users"."id" IS NULL LIMIT ?[0m  [["LIMIT", 1]]
  Rendered layouts/_header.html.erb (2.1ms)
Completed 200 OK in 59ms (Views: 55.8ms | ActiveRecord: 0.2ms)


Started GET "/" for 127.0.0.1 at 2017-10-31 11:33:58 +0100
  [1m[35m (0.4ms)[0m  [1m[34mSELECT "schema_migrations"."version" FROM "schema_migrations" ORDER BY "schema_migrations"."version" ASC[0m
Processing by StaticPagesController#home as HTML
  Rendering static_pages/home.html.erb within layouts/application
  Rendered static_pages/home.html.erb within layouts/application (651.4ms)
  Rendered layouts/_shim.html.erb (0.5ms)
  Rendered layouts/_head.html.erb (198.6ms)
  [1m[36mUser Load (17.2ms)[0m  [1m[34mSELECT  "users".* FROM "users" WHERE "users"."id" IS NULL LIMIT ?[0m  [["LIMIT", 1]]
  Rendered layouts/_header.html.erb (43.1ms)
Completed 200 OK in 1022ms (Views: 974.6ms | ActiveRecord: 17.9ms)


Started GET "/" for 127.0.0.1 at 2017-10-31 11:34:58 +0100
Processing by StaticPagesController#home as HTML
  Rendering static_pages/home.html.erb within layouts/application
  Rendered static_pages/home.html.erb within layouts/application (2.1ms)
  Rendered layouts/_shim.html.erb (0.3ms)
  Rendered layouts/_head.html.erb (34.6ms)
  [1m[36mUser Load (0.3ms)[0m  [1m[34mSELECT  "users".* FROM "users" WHERE "users"."id" IS NULL LIMIT ?[0m  [["LIMIT", 1]]
  Rendered layouts/_header.html.erb (2.4ms)
Completed 200 OK in 54ms (Views: 51.1ms | ActiveRecord: 0.3ms)


Started GET "/" for 127.0.0.1 at 2017-10-31 11:34:59 +0100
Processing by StaticPagesController#home as HTML
  Rendering static_pages/home.html.erb within layouts/application
  Rendered static_pages/home.html.erb within layouts/application (2.8ms)
  Rendered layouts/_shim.html.erb (0.6ms)
  Rendered layouts/_head.html.erb (43.9ms)
  [1m[36mUser Load (0.2ms)[0m  [1m[34mSELECT  "users".* FROM "users" WHERE "users"."id" IS NULL LIMIT ?[0m  [["LIMIT", 1]]
  Rendered layouts/_header.html.erb (2.2ms)
Completed 200 OK in 64ms (Views: 60.9ms | ActiveRecord: 0.2ms)


Started GET "/" for 127.0.0.1 at 2017-10-31 11:35:00 +0100
Processing by StaticPagesController#home as HTML
  Rendering static_pages/home.html.erb within layouts/application
  Rendered static_pages/home.html.erb within layouts/application (2.0ms)
  Rendered layouts/_shim.html.erb (0.6ms)
  Rendered layouts/_head.html.erb (41.1ms)
  [1m[36mUser Load (0.3ms)[0m  [1m[34mSELECT  "users".* FROM "users" WHERE "users"."id" IS NULL LIMIT ?[0m  [["LIMIT", 1]]
  Rendered layouts/_header.html.erb (2.8ms)
Completed 200 OK in 61ms (Views: 58.2ms | ActiveRecord: 0.3ms)


Started GET "/" for 127.0.0.1 at 2017-10-31 11:37:05 +0100
Processing by StaticPagesController#home as HTML
  Rendering static_pages/home.html.erb within layouts/application
  Rendered static_pages/home.html.erb within layouts/application (1.9ms)
  Rendered layouts/_shim.html.erb (1.0ms)
  Rendered layouts/_head.html.erb (2436.7ms)
  [1m[36mUser Load (0.4ms)[0m  [1m[34mSELECT  "users".* FROM "users" WHERE "users"."id" IS NULL LIMIT ?[0m  [["LIMIT", 1]]
  Rendered layouts/_header.html.erb (3.3ms)
Completed 200 OK in 2459ms (Views: 2455.5ms | ActiveRecord: 0.4ms)


Started GET "/" for 127.0.0.1 at 2017-10-31 11:37:23 +0100
Processing by StaticPagesController#home as HTML
  Rendering static_pages/home.html.erb within layouts/application
  Rendered static_pages/home.html.erb within layouts/application (2.0ms)
  Rendered layouts/_shim.html.erb (0.4ms)
  Rendered layouts/_head.html.erb (1971.3ms)
  [1m[36mUser Load (0.3ms)[0m  [1m[34mSELECT  "users".* FROM "users" WHERE "users"."id" IS NULL LIMIT ?[0m  [["LIMIT", 1]]
  Rendered layouts/_header.html.erb (2.4ms)
Completed 200 OK in 1989ms (Views: 1986.7ms | ActiveRecord: 0.3ms)


Started GET "/" for 127.0.0.1 at 2017-10-31 11:37:27 +0100
Processing by StaticPagesController#home as HTML
  Rendering static_pages/home.html.erb within layouts/application
  Rendered static_pages/home.html.erb within layouts/application (2.1ms)
  Rendered layouts/_shim.html.erb (0.4ms)
  Rendered layouts/_head.html.erb (83.4ms)
  [1m[36mUser Load (0.2ms)[0m  [1m[34mSELECT  "users".* FROM "users" WHERE "users"."id" IS NULL LIMIT ?[0m  [["LIMIT", 1]]
  Rendered layouts/_header.html.erb (2.1ms)
Completed 200 OK in 105ms (Views: 100.8ms | ActiveRecord: 0.2ms)


Started GET "/" for 127.0.0.1 at 2017-10-31 11:37:45 +0100
Processing by StaticPagesController#home as HTML
  Rendering static_pages/home.html.erb within layouts/application
  Rendered static_pages/home.html.erb within layouts/application (1.8ms)
  Rendered layouts/_shim.html.erb (0.3ms)
  Rendered layouts/_head.html.erb (1956.7ms)
  [1m[36mUser Load (0.3ms)[0m  [1m[34mSELECT  "users".* FROM "users" WHERE "users"."id" IS NULL LIMIT ?[0m  [["LIMIT", 1]]
  Rendered layouts/_header.html.erb (2.7ms)
Completed 200 OK in 1977ms (Views: 1972.6ms | ActiveRecord: 0.3ms)


Started GET "/" for 127.0.0.1 at 2017-10-31 11:38:14 +0100
Processing by StaticPagesController#home as HTML
  Rendering static_pages/home.html.erb within layouts/application
  Rendered static_pages/home.html.erb within layouts/application (2.6ms)
  Rendered layouts/_shim.html.erb (0.5ms)
  Rendered layouts/_head.html.erb (2118.0ms)
  [1m[36mUser Load (0.2ms)[0m  [1m[34mSELECT  "users".* FROM "users" WHERE "users"."id" IS NULL LIMIT ?[0m  [["LIMIT", 1]]
  Rendered layouts/_header.html.erb (2.4ms)
Completed 200 OK in 2139ms (Views: 2136.0ms | ActiveRecord: 0.2ms)


Started GET "/secret" for 127.0.0.1 at 2017-10-31 11:39:00 +0100
Processing by StaticPagesController#secret_page as HTML
  [1m[36mUser Load (0.2ms)[0m  [1m[34mSELECT  "users".* FROM "users" WHERE "users"."id" IS NULL LIMIT ?[0m  [["LIMIT", 1]]
Redirected to http://localhost:3000/
Filter chain halted as :require_login rendered or redirected
Completed 302 Found in 2ms (ActiveRecord: 0.2ms)


Started GET "/" for 127.0.0.1 at 2017-10-31 11:39:00 +0100
Processing by StaticPagesController#home as HTML
  Rendering static_pages/home.html.erb within layouts/application
  Rendered static_pages/home.html.erb within layouts/application (4.2ms)
  Rendered layouts/_shim.html.erb (0.7ms)
  Rendered layouts/_head.html.erb (41.4ms)
  [1m[36mUser Load (0.3ms)[0m  [1m[34mSELECT  "users".* FROM "users" WHERE "users"."id" IS NULL LIMIT ?[0m  [["LIMIT", 1]]
  Rendered layouts/_header.html.erb (2.2ms)
Completed 200 OK in 66ms (Views: 63.3ms | ActiveRecord: 0.3ms)


Started GET "/" for 127.0.0.1 at 2017-10-31 11:39:51 +0100
Processing by StaticPagesController#home as HTML
  Rendering static_pages/home.html.erb within layouts/application
  Rendered static_pages/home.html.erb within layouts/application (2.3ms)
  Rendered layouts/_shim.html.erb (0.3ms)
  Rendered layouts/_head.html.erb (39.4ms)
  [1m[36mUser Load (0.3ms)[0m  [1m[34mSELECT  "users".* FROM "users" WHERE "users"."id" IS NULL LIMIT ?[0m  [["LIMIT", 1]]
  Rendered layouts/_header.html.erb (2.7ms)
Completed 200 OK in 60ms (Views: 55.9ms | ActiveRecord: 0.3ms)


Started GET "/" for 127.0.0.1 at 2017-10-31 11:39:53 +0100
Processing by StaticPagesController#home as HTML
  Rendering static_pages/home.html.erb within layouts/application
  Rendered static_pages/home.html.erb within layouts/application (2.0ms)
  Rendered layouts/_shim.html.erb (0.6ms)
  Rendered layouts/_head.html.erb (38.7ms)
  [1m[36mUser Load (0.2ms)[0m  [1m[34mSELECT  "users".* FROM "users" WHERE "users"."id" IS NULL LIMIT ?[0m  [["LIMIT", 1]]
  Rendered layouts/_header.html.erb (2.4ms)
Completed 200 OK in 59ms (Views: 56.1ms | ActiveRecord: 0.2ms)


Started GET "/" for 127.0.0.1 at 2017-10-31 11:39:54 +0100
Processing by StaticPagesController#home as HTML
  Rendering static_pages/home.html.erb within layouts/application
  Rendered static_pages/home.html.erb within layouts/application (2.7ms)
  Rendered layouts/_shim.html.erb (0.5ms)
  Rendered layouts/_head.html.erb (45.8ms)
  [1m[36mUser Load (0.3ms)[0m  [1m[34mSELECT  "users".* FROM "users" WHERE "users"."id" IS NULL LIMIT ?[0m  [["LIMIT", 1]]
  Rendered layouts/_header.html.erb (3.1ms)
Completed 200 OK in 66ms (Views: 62.9ms | ActiveRecord: 0.3ms)


Started GET "/" for 127.0.0.1 at 2017-10-31 11:41:03 +0100
Processing by StaticPagesController#home as HTML
  Rendering static_pages/home.html.erb within layouts/application
  Rendered static_pages/home.html.erb within layouts/application (2.4ms)
  Rendered layouts/_shim.html.erb (0.5ms)
  Rendered layouts/_head.html.erb (39.0ms)
  [1m[36mUser Load (0.2ms)[0m  [1m[34mSELECT  "users".* FROM "users" WHERE "users"."id" IS NULL LIMIT ?[0m  [["LIMIT", 1]]
  Rendered layouts/_header.html.erb (2.2ms)
Completed 200 OK in 59ms (Views: 55.8ms | ActiveRecord: 0.2ms)


Started GET "/" for 127.0.0.1 at 2017-10-31 11:41:33 +0100
Processing by StaticPagesController#home as HTML
  Rendering static_pages/home.html.erb within layouts/application
  Rendered static_pages/home.html.erb within layouts/application (2.4ms)
  Rendered layouts/_shim.html.erb (0.6ms)
  Rendered layouts/_head.html.erb (43.8ms)
  [1m[36mUser Load (0.2ms)[0m  [1m[34mSELECT  "users".* FROM "users" WHERE "users"."id" IS NULL LIMIT ?[0m  [["LIMIT", 1]]
  Rendered layouts/_header.html.erb (1.8ms)
Completed 200 OK in 61ms (Views: 58.7ms | ActiveRecord: 0.2ms)


Started GET "/" for 127.0.0.1 at 2017-10-31 11:41:48 +0100
Processing by StaticPagesController#home as HTML
  Rendering static_pages/home.html.erb within layouts/application
  Rendered static_pages/home.html.erb within layouts/application (2.0ms)
  Rendered layouts/_shim.html.erb (0.3ms)
  Rendered layouts/_head.html.erb (37.9ms)
  [1m[36mUser Load (0.2ms)[0m  [1m[34mSELECT  "users".* FROM "users" WHERE "users"."id" IS NULL LIMIT ?[0m  [["LIMIT", 1]]
  Rendered layouts/_header.html.erb (2.2ms)
Completed 200 OK in 57ms (Views: 53.4ms | ActiveRecord: 0.2ms)


Started GET "/" for 127.0.0.1 at 2017-10-31 11:41:50 +0100
Processing by StaticPagesController#home as HTML
  Rendering static_pages/home.html.erb within layouts/application
  Rendered static_pages/home.html.erb within layouts/application (1.9ms)
  Rendered layouts/_shim.html.erb (0.4ms)
  Rendered layouts/_head.html.erb (34.1ms)
  [1m[36mUser Load (0.2ms)[0m  [1m[34mSELECT  "users".* FROM "users" WHERE "users"."id" IS NULL LIMIT ?[0m  [["LIMIT", 1]]
  Rendered layouts/_header.html.erb (2.7ms)
Completed 200 OK in 53ms (Views: 49.4ms | ActiveRecord: 0.2ms)


Started GET "/" for 127.0.0.1 at 2017-10-31 11:41:55 +0100
Processing by StaticPagesController#home as HTML
  Rendering static_pages/home.html.erb within layouts/application
  Rendered static_pages/home.html.erb within layouts/application (2.0ms)
  Rendered layouts/_shim.html.erb (0.3ms)
  Rendered layouts/_head.html.erb (34.4ms)
  [1m[36mUser Load (0.2ms)[0m  [1m[34mSELECT  "users".* FROM "users" WHERE "users"."id" IS NULL LIMIT ?[0m  [["LIMIT", 1]]
  Rendered layouts/_header.html.erb (2.5ms)
Completed 200 OK in 53ms (Views: 49.7ms | ActiveRecord: 0.2ms)


Started GET "/" for 127.0.0.1 at 2017-10-31 11:41:57 +0100
Processing by StaticPagesController#home as HTML
  Rendering static_pages/home.html.erb within layouts/application
  Rendered static_pages/home.html.erb within layouts/application (2.3ms)
  Rendered layouts/_shim.html.erb (0.3ms)
  Rendered layouts/_head.html.erb (34.7ms)
  [1m[36mUser Load (0.3ms)[0m  [1m[34mSELECT  "users".* FROM "users" WHERE "users"."id" IS NULL LIMIT ?[0m  [["LIMIT", 1]]
  Rendered layouts/_header.html.erb (2.5ms)
Completed 200 OK in 55ms (Views: 51.8ms | ActiveRecord: 0.3ms)


Started GET "/" for 127.0.0.1 at 2017-10-31 11:42:05 +0100
Processing by StaticPagesController#home as HTML
  Rendering static_pages/home.html.erb within layouts/application
  Rendered static_pages/home.html.erb within layouts/application (2.3ms)
  Rendered layouts/_shim.html.erb (0.3ms)
  Rendered layouts/_head.html.erb (31.8ms)
  [1m[36mUser Load (0.3ms)[0m  [1m[34mSELECT  "users".* FROM "users" WHERE "users"."id" IS NULL LIMIT ?[0m  [["LIMIT", 1]]
  Rendered layouts/_header.html.erb (2.5ms)
Completed 200 OK in 51ms (Views: 47.9ms | ActiveRecord: 0.3ms)


Started GET "/" for 127.0.0.1 at 2017-10-31 11:42:11 +0100
Processing by StaticPagesController#home as HTML
  Rendering static_pages/home.html.erb within layouts/application
  Rendered static_pages/home.html.erb within layouts/application (2.4ms)
  Rendered layouts/_shim.html.erb (0.4ms)
  Rendered layouts/_head.html.erb (36.7ms)
  [1m[36mUser Load (0.2ms)[0m  [1m[34mSELECT  "users".* FROM "users" WHERE "users"."id" IS NULL LIMIT ?[0m  [["LIMIT", 1]]
  Rendered layouts/_header.html.erb (2.1ms)
Completed 200 OK in 57ms (Views: 54.4ms | ActiveRecord: 0.2ms)


Started GET "/" for 127.0.0.1 at 2017-10-31 11:44:22 +0100
Processing by StaticPagesController#home as HTML
  Rendering static_pages/home.html.erb within layouts/application
  Rendered static_pages/home.html.erb within layouts/application (2.2ms)
  Rendered layouts/_shim.html.erb (0.5ms)
  Rendered layouts/_head.html.erb (1914.7ms)
  [1m[36mUser Load (0.2ms)[0m  [1m[34mSELECT  "users".* FROM "users" WHERE "users"."id" IS NULL LIMIT ?[0m  [["LIMIT", 1]]
  Rendered layouts/_header.html.erb (1.9ms)
Completed 200 OK in 1935ms (Views: 1931.9ms | ActiveRecord: 0.2ms)


Started GET "/" for 127.0.0.1 at 2017-10-31 11:44:54 +0100
Processing by StaticPagesController#home as HTML
  Rendering static_pages/home.html.erb within layouts/application
  Rendered static_pages/home.html.erb within layouts/application (2.4ms)
  Rendered layouts/_shim.html.erb (0.5ms)
  Rendered layouts/_head.html.erb (1957.3ms)
  [1m[36mUser Load (0.3ms)[0m  [1m[34mSELECT  "users".* FROM "users" WHERE "users"."id" IS NULL LIMIT ?[0m  [["LIMIT", 1]]
  Rendered layouts/_header.html.erb (2.8ms)
Completed 200 OK in 1980ms (Views: 1975.8ms | ActiveRecord: 0.3ms)


Started GET "/" for 127.0.0.1 at 2017-10-31 11:45:29 +0100
Processing by StaticPagesController#home as HTML
  Rendering static_pages/home.html.erb within layouts/application
  Rendered static_pages/home.html.erb within layouts/application (2.4ms)
  Rendered layouts/_shim.html.erb (0.4ms)
  Rendered layouts/_head.html.erb (2083.5ms)
  [1m[36mUser Load (0.3ms)[0m  [1m[34mSELECT  "users".* FROM "users" WHERE "users"."id" IS NULL LIMIT ?[0m  [["LIMIT", 1]]
  Rendered layouts/_header.html.erb (2.7ms)
Completed 200 OK in 2104ms (Views: 2100.5ms | ActiveRecord: 0.3ms)


Started GET "/" for 127.0.0.1 at 2017-10-31 11:46:59 +0100
Processing by StaticPagesController#home as HTML
  Rendering static_pages/home.html.erb within layouts/application
  Rendered static_pages/home.html.erb within layouts/application (14.1ms)
  Rendered layouts/_shim.html.erb (0.4ms)
  Rendered layouts/_head.html.erb (164.8ms)
  [1m[36mUser Load (0.3ms)[0m  [1m[34mSELECT  "users".* FROM "users" WHERE "users"."id" IS NULL LIMIT ?[0m  [["LIMIT", 1]]
  Rendered layouts/_header.html.erb (2.9ms)
Completed 200 OK in 275ms (Views: 237.9ms | ActiveRecord: 0.3ms)


Started GET "/" for 127.0.0.1 at 2017-10-31 11:47:42 +0100
Processing by StaticPagesController#home as HTML
  Rendering static_pages/home.html.erb within layouts/application
  Rendered static_pages/home.html.erb within layouts/application (2.0ms)
  Rendered layouts/_shim.html.erb (0.3ms)
  Rendered layouts/_head.html.erb (2375.3ms)
  [1m[36mUser Load (0.4ms)[0m  [1m[34mSELECT  "users".* FROM "users" WHERE "users"."id" IS NULL LIMIT ?[0m  [["LIMIT", 1]]
  Rendered layouts/_header.html.erb (3.1ms)
Completed 200 OK in 2395ms (Views: 2391.7ms | ActiveRecord: 0.4ms)


Started GET "/secret" for 127.0.0.1 at 2017-10-31 11:47:55 +0100
Processing by StaticPagesController#secret_page as HTML
  [1m[36mUser Load (0.2ms)[0m  [1m[34mSELECT  "users".* FROM "users" WHERE "users"."id" IS NULL LIMIT ?[0m  [["LIMIT", 1]]
Redirected to http://localhost:3000/
Filter chain halted as :require_login rendered or redirected
Completed 302 Found in 2ms (ActiveRecord: 0.2ms)


Started GET "/" for 127.0.0.1 at 2017-10-31 11:47:55 +0100
Processing by StaticPagesController#home as HTML
  Rendering static_pages/home.html.erb within layouts/application
  Rendered static_pages/home.html.erb within layouts/application (3.4ms)
  Rendered layouts/_shim.html.erb (0.4ms)
  Rendered layouts/_head.html.erb (96.4ms)
  [1m[36mUser Load (0.2ms)[0m  [1m[34mSELECT  "users".* FROM "users" WHERE "users"."id" IS NULL LIMIT ?[0m  [["LIMIT", 1]]
  Rendered layouts/_header.html.erb (1.9ms)
Completed 200 OK in 122ms (Views: 118.1ms | ActiveRecord: 0.2ms)


Started GET "/signup" for 127.0.0.1 at 2017-10-31 11:47:57 +0100
Processing by UsersController#new as HTML
  Rendering users/new.html.erb within layouts/application
  Rendered shared/_error_messages.html.erb (0.9ms)
  Rendered users/new.html.erb within layouts/application (147.1ms)
  Rendered layouts/_shim.html.erb (0.5ms)
  Rendered layouts/_head.html.erb (41.1ms)
  [1m[36mUser Load (0.2ms)[0m  [1m[34mSELECT  "users".* FROM "users" WHERE "users"."id" IS NULL LIMIT ?[0m  [["LIMIT", 1]]
  Rendered layouts/_header.html.erb (1.9ms)
Completed 200 OK in 218ms (Views: 203.0ms | ActiveRecord: 0.8ms)


Started GET "/login" for 127.0.0.1 at 2017-10-31 11:48:04 +0100
Processing by SessionsController#new as HTML
  Rendering sessions/new.html.erb within layouts/application
  Rendered sessions/new.html.erb within layouts/application (2.0ms)
  Rendered layouts/_shim.html.erb (0.4ms)
  Rendered layouts/_head.html.erb (36.9ms)
  [1m[36mUser Load (0.3ms)[0m  [1m[34mSELECT  "users".* FROM "users" WHERE "users"."id" IS NULL LIMIT ?[0m  [["LIMIT", 1]]
  Rendered layouts/_header.html.erb (2.2ms)
Completed 200 OK in 58ms (Views: 54.1ms | ActiveRecord: 0.3ms)


Started POST "/login" for 127.0.0.1 at 2017-10-31 11:48:12 +0100
Processing by SessionsController#create as HTML
  Parameters: {"utf8"=>"✓", "authenticity_token"=>"QutAZA6KKeOGQ3CV+v31qmOjzItS05BCA5TOz+afAhJ+nefWcmOeKOskpBq8YKtred+mHZtCMpP57VfU0IrUGA==", "session"=>{"email"=>"test@test.fr", "password"=>"[FILTERED]"}, "commit"=>"Log in"}
  [1m[36mUser Load (0.3ms)[0m  [1m[34mSELECT  "users".* FROM "users" WHERE "users"."email" = ? LIMIT ?[0m  [["email", "test@test.fr"], ["LIMIT", 1]]
Redirected to http://localhost:3000/users/1
Completed 302 Found in 138ms (ActiveRecord: 0.3ms)


Started GET "/users/1" for 127.0.0.1 at 2017-10-31 11:48:13 +0100
Processing by UsersController#show as HTML
  Parameters: {"id"=>"1"}
  [1m[36mUser Load (0.3ms)[0m  [1m[34mSELECT  "users".* FROM "users" WHERE "users"."id" = ? LIMIT ?[0m  [["id", 1], ["LIMIT", 1]]
  [1m[36mUser Load (0.1ms)[0m  [1m[34mSELECT  "users".* FROM "users" WHERE "users"."id" = ? LIMIT ?[0m  [["id", 1], ["LIMIT", 1]]
  Rendering users/show.html.erb within layouts/application
  Rendered users/show.html.erb within layouts/application (0.8ms)
  Rendered layouts/_shim.html.erb (0.5ms)
  Rendered layouts/_head.html.erb (32.5ms)
  Rendered layouts/_header.html.erb (0.9ms)
Completed 200 OK in 90ms (Views: 47.2ms | ActiveRecord: 0.4ms)


Started GET "/secret" for 127.0.0.1 at 2017-10-31 11:48:15 +0100
Processing by StaticPagesController#secret_page as HTML
  [1m[36mUser Load (0.2ms)[0m  [1m[34mSELECT  "users".* FROM "users" WHERE "users"."id" = ? LIMIT ?[0m  [["id", 1], ["LIMIT", 1]]
  Rendering static_pages/secret_page.html.erb within layouts/application
  Rendered static_pages/secret_page.html.erb within layouts/application (13.1ms)
  Rendered layouts/_shim.html.erb (0.4ms)
  Rendered layouts/_head.html.erb (34.2ms)
  Rendered layouts/_header.html.erb (1.1ms)
Completed 200 OK in 113ms (Views: 62.1ms | ActiveRecord: 0.2ms)


Started GET "/secret" for 127.0.0.1 at 2017-10-31 11:51:39 +0100
Processing by StaticPagesController#secret_page as HTML
  [1m[36mUser Load (0.2ms)[0m  [1m[34mSELECT  "users".* FROM "users" WHERE "users"."id" = ? LIMIT ?[0m  [["id", 1], ["LIMIT", 1]]
  Rendering static_pages/secret_page.html.erb within layouts/application
  Rendered static_pages/secret_page.html.erb within layouts/application (415.4ms)
  Rendered layouts/_shim.html.erb (0.5ms)
  Rendered layouts/_head.html.erb (115.0ms)
  Rendered layouts/_header.html.erb (1.0ms)
Completed 200 OK in 628ms (Views: 623.9ms | ActiveRecord: 0.2ms)


Started GET "/" for 127.0.0.1 at 2017-10-31 11:51:49 +0100
Processing by StaticPagesController#home as HTML
  Rendering static_pages/home.html.erb within layouts/application
  Rendered static_pages/home.html.erb within layouts/application (3.0ms)
  Rendered layouts/_shim.html.erb (0.3ms)
  Rendered layouts/_head.html.erb (39.8ms)
  [1m[36mUser Load (0.2ms)[0m  [1m[34mSELECT  "users".* FROM "users" WHERE "users"."id" = ? LIMIT ?[0m  [["id", 1], ["LIMIT", 1]]
  Rendered layouts/_header.html.erb (2.0ms)
Completed 200 OK in 102ms (Views: 57.1ms | ActiveRecord: 0.2ms)


Started GET "/secret" for 127.0.0.1 at 2017-10-31 11:52:00 +0100
Processing by StaticPagesController#secret_page as HTML
  [1m[36mUser Load (0.3ms)[0m  [1m[34mSELECT  "users".* FROM "users" WHERE "users"."id" = ? LIMIT ?[0m  [["id", 1], ["LIMIT", 1]]
  Rendering static_pages/secret_page.html.erb within layouts/application
  Rendered static_pages/secret_page.html.erb within layouts/application (2.6ms)
  Rendered layouts/_shim.html.erb (0.5ms)
  Rendered layouts/_head.html.erb (45.2ms)
  Rendered layouts/_header.html.erb (1.3ms)
Completed 200 OK in 75ms (Views: 69.6ms | ActiveRecord: 0.3ms)


Started GET "/secret" for 127.0.0.1 at 2017-10-31 11:52:31 +0100
Processing by StaticPagesController#secret_page as HTML
  [1m[36mUser Load (0.2ms)[0m  [1m[34mSELECT  "users".* FROM "users" WHERE "users"."id" = ? LIMIT ?[0m  [["id", 1], ["LIMIT", 1]]
  Rendering static_pages/secret_page.html.erb within layouts/application
  Rendered static_pages/secret_page.html.erb within layouts/application (2.0ms)
  Rendered layouts/_shim.html.erb (0.4ms)
  Rendered layouts/_head.html.erb (36.3ms)
  Rendered layouts/_header.html.erb (1.7ms)
Completed 200 OK in 57ms (Views: 51.9ms | ActiveRecord: 0.2ms)


Started GET "/secret" for 127.0.0.1 at 2017-10-31 11:52:46 +0100
Processing by StaticPagesController#secret_page as HTML
  [1m[36mUser Load (0.2ms)[0m  [1m[34mSELECT  "users".* FROM "users" WHERE "users"."id" = ? LIMIT ?[0m  [["id", 1], ["LIMIT", 1]]
  Rendering static_pages/secret_page.html.erb within layouts/application
  Rendered static_pages/secret_page.html.erb within layouts/application (1.6ms)
  Rendered layouts/_shim.html.erb (0.4ms)
  Rendered layouts/_head.html.erb (32.2ms)
  Rendered layouts/_header.html.erb (1.6ms)
Completed 200 OK in 50ms (Views: 46.1ms | ActiveRecord: 0.2ms)


Started GET "/secret" for 127.0.0.1 at 2017-10-31 11:54:31 +0100
Processing by StaticPagesController#secret_page as HTML
  [1m[36mUser Load (0.2ms)[0m  [1m[34mSELECT  "users".* FROM "users" WHERE "users"."id" = ? LIMIT ?[0m  [["id", 1], ["LIMIT", 1]]
  Rendering static_pages/secret_page.html.erb within layouts/application
  Rendered static_pages/secret_page.html.erb within layouts/application (2.2ms)
  Rendered layouts/_shim.html.erb (0.7ms)
  Rendered layouts/_head.html.erb (41.4ms)
  Rendered layouts/_header.html.erb (1.0ms)
Completed 200 OK in 61ms (Views: 57.2ms | ActiveRecord: 0.2ms)


Started GET "/secret" for 127.0.0.1 at 2017-10-31 11:54:56 +0100
Processing by StaticPagesController#secret_page as HTML
  [1m[36mUser Load (0.2ms)[0m  [1m[34mSELECT  "users".* FROM "users" WHERE "users"."id" = ? LIMIT ?[0m  [["id", 1], ["LIMIT", 1]]
  Rendering static_pages/secret_page.html.erb within layouts/application
  Rendered static_pages/secret_page.html.erb within layouts/application (2.0ms)
  Rendered layouts/_shim.html.erb (0.4ms)
  Rendered layouts/_head.html.erb (36.8ms)
  Rendered layouts/_header.html.erb (1.2ms)
Completed 200 OK in 57ms (Views: 52.9ms | ActiveRecord: 0.2ms)


Started GET "/secret" for 127.0.0.1 at 2017-10-31 11:55:32 +0100
Processing by StaticPagesController#secret_page as HTML
  [1m[36mUser Load (0.4ms)[0m  [1m[34mSELECT  "users".* FROM "users" WHERE "users"."id" = ? LIMIT ?[0m  [["id", 1], ["LIMIT", 1]]
  Rendering static_pages/secret_page.html.erb within layouts/application
  Rendered static_pages/secret_page.html.erb within layouts/application (2.3ms)
  Rendered layouts/_shim.html.erb (0.3ms)
  Rendered layouts/_head.html.erb (33.9ms)
  Rendered layouts/_header.html.erb (1.3ms)
Completed 200 OK in 55ms (Views: 50.1ms | ActiveRecord: 0.4ms)


Started GET "/secret" for 127.0.0.1 at 2017-10-31 11:55:42 +0100
Processing by StaticPagesController#secret_page as HTML
  [1m[36mUser Load (0.1ms)[0m  [1m[34mSELECT  "users".* FROM "users" WHERE "users"."id" = ? LIMIT ?[0m  [["id", 1], ["LIMIT", 1]]
  Rendering static_pages/secret_page.html.erb within layouts/application
  Rendered static_pages/secret_page.html.erb within layouts/application (2.7ms)
  Rendered layouts/_shim.html.erb (0.4ms)
  Rendered layouts/_head.html.erb (40.2ms)
  Rendered layouts/_header.html.erb (1.2ms)
Completed 200 OK in 58ms (Views: 54.8ms | ActiveRecord: 0.1ms)


Started GET "/secret" for 127.0.0.1 at 2017-10-31 11:55:56 +0100
Processing by StaticPagesController#secret_page as HTML
  [1m[36mUser Load (0.2ms)[0m  [1m[34mSELECT  "users".* FROM "users" WHERE "users"."id" = ? LIMIT ?[0m  [["id", 1], ["LIMIT", 1]]
  Rendering static_pages/secret_page.html.erb within layouts/application
  Rendered static_pages/secret_page.html.erb within layouts/application (196.1ms)
Completed 500 Internal Server Error in 208ms (ActiveRecord: 0.2ms)


  
ActionView::Template::Error (undefined method `chats' for #<#<Class:0x007f9b1b12fdc8>:0x007f9b1b67a5f8>):
    13:     <br>
    14:     <br>
    15:     
    16:     <%= link_to les chats'https://www.neonmag.fr/les-chats-vont-ils-dominer-le-monde-316529.html' %>
    17: </div>
  
app/views/static_pages/secret_page.html.erb:16:in `_app_views_static_pages_secret_page_html_erb___329872312031272174_70152078219240'
Started GET "/secret" for 127.0.0.1 at 2017-10-31 11:56:59 +0100
Processing by StaticPagesController#secret_page as HTML
  [1m[36mUser Load (0.2ms)[0m  [1m[34mSELECT  "users".* FROM "users" WHERE "users"."id" = ? LIMIT ?[0m  [["id", 1], ["LIMIT", 1]]
  Rendering static_pages/secret_page.html.erb within layouts/application
  Rendered static_pages/secret_page.html.erb within layouts/application (29.4ms)
  Rendered layouts/_shim.html.erb (0.3ms)
  Rendered layouts/_head.html.erb (139.2ms)
  Rendered layouts/_header.html.erb (1.1ms)
Completed 200 OK in 206ms (Views: 202.4ms | ActiveRecord: 0.2ms)


Started GET "/secret" for 127.0.0.1 at 2017-10-31 11:58:03 +0100
Processing by StaticPagesController#secret_page as HTML
  [1m[36mUser Load (0.2ms)[0m  [1m[34mSELECT  "users".* FROM "users" WHERE "users"."id" = ? LIMIT ?[0m  [["id", 1], ["LIMIT", 1]]
  Rendering static_pages/secret_page.html.erb within layouts/application
  Rendered static_pages/secret_page.html.erb within layouts/application (421.2ms)
  Rendered layouts/_shim.html.erb (0.3ms)
  Rendered layouts/_head.html.erb (272.6ms)
  Rendered layouts/_header.html.erb (1.7ms)
Completed 200 OK in 713ms (Views: 709.3ms | ActiveRecord: 0.2ms)


Started GET "/secret" for 127.0.0.1 at 2017-10-31 11:58:32 +0100
Processing by StaticPagesController#secret_page as HTML
  [1m[36mUser Load (0.2ms)[0m  [1m[34mSELECT  "users".* FROM "users" WHERE "users"."id" = ? LIMIT ?[0m  [["id", 1], ["LIMIT", 1]]
  Rendering static_pages/secret_page.html.erb within layouts/application
  Rendered static_pages/secret_page.html.erb within layouts/application (1.8ms)
  Rendered layouts/_shim.html.erb (0.6ms)
  Rendered layouts/_head.html.erb (43.1ms)
  Rendered layouts/_header.html.erb (1.0ms)
Completed 200 OK in 63ms (Views: 58.3ms | ActiveRecord: 0.2ms)


Started GET "/secret" for 127.0.0.1 at 2017-10-31 11:58:47 +0100
Processing by StaticPagesController#secret_page as HTML
  [1m[36mUser Load (0.2ms)[0m  [1m[34mSELECT  "users".* FROM "users" WHERE "users"."id" = ? LIMIT ?[0m  [["id", 1], ["LIMIT", 1]]
  Rendering static_pages/secret_page.html.erb within layouts/application
  Rendered static_pages/secret_page.html.erb within layouts/application (1.6ms)
  Rendered layouts/_shim.html.erb (0.3ms)
  Rendered layouts/_head.html.erb (36.4ms)
  Rendered layouts/_header.html.erb (1.6ms)
Completed 200 OK in 56ms (Views: 52.5ms | ActiveRecord: 0.2ms)


Started GET "/secret" for 127.0.0.1 at 2017-10-31 11:59:33 +0100
Processing by StaticPagesController#secret_page as HTML
  [1m[36mUser Load (0.2ms)[0m  [1m[34mSELECT  "users".* FROM "users" WHERE "users"."id" = ? LIMIT ?[0m  [["id", 1], ["LIMIT", 1]]
  Rendering static_pages/secret_page.html.erb within layouts/application
  Rendered static_pages/secret_page.html.erb within layouts/application (46.8ms)
  Rendered layouts/_shim.html.erb (0.4ms)
  Rendered layouts/_head.html.erb (187.5ms)
  Rendered layouts/_header.html.erb (1.4ms)
Completed 200 OK in 252ms (Views: 248.9ms | ActiveRecord: 0.2ms)


Started GET "/secret" for 127.0.0.1 at 2017-10-31 12:00:00 +0100
Processing by StaticPagesController#secret_page as HTML
  [1m[36mUser Load (0.3ms)[0m  [1m[34mSELECT  "users".* FROM "users" WHERE "users"."id" = ? LIMIT ?[0m  [["id", 1], ["LIMIT", 1]]
  Rendering static_pages/secret_page.html.erb within layouts/application
  Rendered static_pages/secret_page.html.erb within layouts/application (1.8ms)
  Rendered layouts/_shim.html.erb (0.6ms)
  Rendered layouts/_head.html.erb (38.0ms)
  Rendered layouts/_header.html.erb (1.3ms)
Completed 200 OK in 57ms (Views: 52.9ms | ActiveRecord: 0.3ms)


Started GET "/secret" for 127.0.0.1 at 2017-10-31 12:00:21 +0100
Processing by StaticPagesController#secret_page as HTML
  [1m[36mUser Load (0.2ms)[0m  [1m[34mSELECT  "users".* FROM "users" WHERE "users"."id" = ? LIMIT ?[0m  [["id", 1], ["LIMIT", 1]]
  Rendering static_pages/secret_page.html.erb within layouts/application
  Rendered static_pages/secret_page.html.erb within layouts/application (2.4ms)
  Rendered layouts/_shim.html.erb (0.6ms)
  Rendered layouts/_head.html.erb (35.9ms)
  Rendered layouts/_header.html.erb (1.7ms)
Completed 200 OK in 57ms (Views: 52.6ms | ActiveRecord: 0.2ms)


Started GET "/secret" for 127.0.0.1 at 2017-10-31 12:00:37 +0100
Processing by StaticPagesController#secret_page as HTML
  [1m[36mUser Load (0.2ms)[0m  [1m[34mSELECT  "users".* FROM "users" WHERE "users"."id" = ? LIMIT ?[0m  [["id", 1], ["LIMIT", 1]]
  Rendering static_pages/secret_page.html.erb within layouts/application
  Rendered static_pages/secret_page.html.erb within layouts/application (1.8ms)
  Rendered layouts/_shim.html.erb (0.7ms)
  Rendered layouts/_head.html.erb (42.9ms)
  Rendered layouts/_header.html.erb (2.0ms)
Completed 200 OK in 65ms (Views: 61.5ms | ActiveRecord: 0.2ms)


Started GET "/secret" for 127.0.0.1 at 2017-10-31 12:00:59 +0100
Processing by StaticPagesController#secret_page as HTML
  [1m[36mUser Load (0.2ms)[0m  [1m[34mSELECT  "users".* FROM "users" WHERE "users"."id" = ? LIMIT ?[0m  [["id", 1], ["LIMIT", 1]]
  Rendering static_pages/secret_page.html.erb within layouts/application
  Rendered static_pages/secret_page.html.erb within layouts/application (1.7ms)
  Rendered layouts/_shim.html.erb (0.5ms)
  Rendered layouts/_head.html.erb (38.2ms)
  Rendered layouts/_header.html.erb (1.2ms)
Completed 200 OK in 57ms (Views: 52.8ms | ActiveRecord: 0.2ms)


Started GET "/secret" for 127.0.0.1 at 2017-10-31 12:01:16 +0100
Processing by StaticPagesController#secret_page as HTML
  [1m[36mUser Load (0.2ms)[0m  [1m[34mSELECT  "users".* FROM "users" WHERE "users"."id" = ? LIMIT ?[0m  [["id", 1], ["LIMIT", 1]]
  Rendering static_pages/secret_page.html.erb within layouts/application
  Rendered static_pages/secret_page.html.erb within layouts/application (1.8ms)
  Rendered layouts/_shim.html.erb (0.7ms)
  Rendered layouts/_head.html.erb (38.6ms)
  Rendered layouts/_header.html.erb (1.2ms)
Completed 200 OK in 58ms (Views: 53.7ms | ActiveRecord: 0.2ms)


Started GET "/" for 127.0.0.1 at 2017-10-31 12:01:53 +0100
Processing by StaticPagesController#home as HTML
  Rendering static_pages/home.html.erb within layouts/application
  Rendered static_pages/home.html.erb within layouts/application (3.4ms)
  Rendered layouts/_shim.html.erb (0.3ms)
  Rendered layouts/_head.html.erb (36.8ms)
  [1m[36mUser Load (0.2ms)[0m  [1m[34mSELECT  "users".* FROM "users" WHERE "users"."id" = ? LIMIT ?[0m  [["id", 1], ["LIMIT", 1]]
  Rendered layouts/_header.html.erb (2.4ms)
Completed 200 OK in 63ms (Views: 60.2ms | ActiveRecord: 0.2ms)


Started GET "/secret" for 127.0.0.1 at 2017-10-31 12:02:27 +0100
Processing by StaticPagesController#secret_page as HTML
  [1m[36mUser Load (0.1ms)[0m  [1m[34mSELECT  "users".* FROM "users" WHERE "users"."id" = ? LIMIT ?[0m  [["id", 1], ["LIMIT", 1]]
  Rendering static_pages/secret_page.html.erb within layouts/application
  Rendered static_pages/secret_page.html.erb within layouts/application (7.9ms)
  Rendered layouts/_shim.html.erb (0.5ms)
  Rendered layouts/_head.html.erb (196.9ms)
  Rendered layouts/_header.html.erb (1.1ms)
Completed 200 OK in 272ms (Views: 236.2ms | ActiveRecord: 0.1ms)


Started GET "/" for 127.0.0.1 at 2017-10-31 12:03:06 +0100
Processing by StaticPagesController#home as HTML
  Rendering static_pages/home.html.erb within layouts/application
  Rendered static_pages/home.html.erb within layouts/application (34.0ms)
  Rendered layouts/_shim.html.erb (0.4ms)
  Rendered layouts/_head.html.erb (41.2ms)
  [1m[36mUser Load (0.3ms)[0m  [1m[34mSELECT  "users".* FROM "users" WHERE "users"."id" = ? LIMIT ?[0m  [["id", 1], ["LIMIT", 1]]
  Rendered layouts/_header.html.erb (2.5ms)
Completed 200 OK in 113ms (Views: 91.7ms | ActiveRecord: 0.3ms)


Started GET "/" for 127.0.0.1 at 2017-10-31 12:10:38 +0100
Processing by StaticPagesController#home as HTML
  Rendering static_pages/home.html.erb within layouts/application
  Rendered static_pages/home.html.erb within layouts/application (2.6ms)
  Rendered layouts/_shim.html.erb (0.5ms)
  Rendered layouts/_head.html.erb (34.2ms)
  [1m[36mUser Load (0.2ms)[0m  [1m[34mSELECT  "users".* FROM "users" WHERE "users"."id" = ? LIMIT ?[0m  [["id", 1], ["LIMIT", 1]]
  Rendered layouts/_header.html.erb (2.1ms)
Completed 200 OK in 54ms (Views: 51.4ms | ActiveRecord: 0.2ms)


Started GET "/secret" for 127.0.0.1 at 2017-10-31 12:10:39 +0100
Processing by StaticPagesController#secret_page as HTML
  [1m[36mUser Load (0.2ms)[0m  [1m[34mSELECT  "users".* FROM "users" WHERE "users"."id" = ? LIMIT ?[0m  [["id", 1], ["LIMIT", 1]]
  Rendering static_pages/secret_page.html.erb within layouts/application
  Rendered static_pages/secret_page.html.erb within layouts/application (3.6ms)
  Rendered layouts/_shim.html.erb (0.3ms)
  Rendered layouts/_head.html.erb (57.1ms)
  Rendered layouts/_header.html.erb (1.8ms)
Completed 200 OK in 86ms (Views: 77.9ms | ActiveRecord: 0.2ms)


Started GET "/secret" for 127.0.0.1 at 2017-10-31 12:12:02 +0100
  [1m[35m (0.2ms)[0m  [1m[34mSELECT "schema_migrations"."version" FROM "schema_migrations" ORDER BY "schema_migrations"."version" ASC[0m
Processing by StaticPagesController#secret_page as HTML
  [1m[36mUser Load (0.2ms)[0m  [1m[34mSELECT  "users".* FROM "users" WHERE "users"."id" = ? LIMIT ?[0m  [["id", 1], ["LIMIT", 1]]
  Rendering static_pages/secret_page.html.erb within layouts/application
  Rendered static_pages/secret_page.html.erb within layouts/application (431.4ms)
  Rendered layouts/_shim.html.erb (0.6ms)
  Rendered layouts/_head.html.erb (105.3ms)
  Rendered layouts/_header.html.erb (2.8ms)
Completed 200 OK in 611ms (Views: 584.8ms | ActiveRecord: 1.0ms)


Started GET "/" for 127.0.0.1 at 2017-10-31 12:12:06 +0100
Processing by StaticPagesController#home as HTML
  Rendering static_pages/home.html.erb within layouts/application
  Rendered static_pages/home.html.erb within layouts/application (2.8ms)
  Rendered layouts/_shim.html.erb (0.3ms)
  Rendered layouts/_head.html.erb (34.8ms)
  [1m[36mUser Load (0.3ms)[0m  [1m[34mSELECT  "users".* FROM "users" WHERE "users"."id" = ? LIMIT ?[0m  [["id", 1], ["LIMIT", 1]]
  Rendered layouts/_header.html.erb (4.0ms)
Completed 200 OK in 56ms (Views: 52.3ms | ActiveRecord: 0.9ms)


Started GET "/" for 127.0.0.1 at 2017-10-31 12:12:08 +0100
Processing by StaticPagesController#home as HTML
  Rendering static_pages/home.html.erb within layouts/application
  Rendered static_pages/home.html.erb within layouts/application (4.3ms)
  Rendered layouts/_shim.html.erb (0.4ms)
  Rendered layouts/_head.html.erb (46.5ms)
  [1m[36mUser Load (0.2ms)[0m  [1m[34mSELECT  "users".* FROM "users" WHERE "users"."id" = ? LIMIT ?[0m  [["id", 1], ["LIMIT", 1]]
  Rendered layouts/_header.html.erb (1.6ms)
Completed 200 OK in 71ms (Views: 67.9ms | ActiveRecord: 0.2ms)


Started DELETE "/logout" for 127.0.0.1 at 2017-10-31 12:12:13 +0100
Processing by SessionsController#destroy as HTML
  Parameters: {"authenticity_token"=>"vsKK7PSulml5tXAtbSTXmzZ9tbsgmRrS+r4L4hks8slaoRJ0KFBOEMk7HVmrYKOXW1BZgvcznkANV9c2Wim0rA=="}
Redirected to http://localhost:3000/
Completed 302 Found in 1ms (ActiveRecord: 0.0ms)


Started GET "/" for 127.0.0.1 at 2017-10-31 12:12:13 +0100
Processing by StaticPagesController#home as HTML
  Rendering static_pages/home.html.erb within layouts/application
  Rendered static_pages/home.html.erb within layouts/application (2.1ms)
  Rendered layouts/_shim.html.erb (0.7ms)
  Rendered layouts/_head.html.erb (34.7ms)
  [1m[36mUser Load (0.2ms)[0m  [1m[34mSELECT  "users".* FROM "users" WHERE "users"."id" IS NULL LIMIT ?[0m  [["LIMIT", 1]]
  Rendered layouts/_header.html.erb (2.4ms)
Completed 200 OK in 55ms (Views: 51.4ms | ActiveRecord: 0.2ms)


Started GET "/login" for 127.0.0.1 at 2017-10-31 12:12:15 +0100
Processing by SessionsController#new as HTML
  Rendering sessions/new.html.erb within layouts/application
  Rendered sessions/new.html.erb within layouts/application (91.2ms)
  Rendered layouts/_shim.html.erb (0.5ms)
  Rendered layouts/_head.html.erb (44.1ms)
  [1m[36mUser Load (0.3ms)[0m  [1m[34mSELECT  "users".* FROM "users" WHERE "users"."id" IS NULL LIMIT ?[0m  [["LIMIT", 1]]
  Rendered layouts/_header.html.erb (2.3ms)
Completed 200 OK in 157ms (Views: 153.7ms | ActiveRecord: 0.3ms)


Started GET "/" for 127.0.0.1 at 2017-10-31 12:12:18 +0100
Processing by StaticPagesController#home as HTML
  Rendering static_pages/home.html.erb within layouts/application
  Rendered static_pages/home.html.erb within layouts/application (5.2ms)
  Rendered layouts/_shim.html.erb (0.5ms)
  Rendered layouts/_head.html.erb (46.0ms)
  [1m[36mUser Load (0.2ms)[0m  [1m[34mSELECT  "users".* FROM "users" WHERE "users"."id" IS NULL LIMIT ?[0m  [["LIMIT", 1]]
  Rendered layouts/_header.html.erb (1.9ms)
Completed 200 OK in 78ms (Views: 73.8ms | ActiveRecord: 0.2ms)


  [1m[35m (0.2ms)[0m  [1m[34mSELECT "schema_migrations"."version" FROM "schema_migrations" ORDER BY "schema_migrations"."version" ASC[0m
Migrating to AddRememberDigestToUsers (20171031111828)
  [1m[35m (0.1ms)[0m  [1m[36mbegin transaction[0m
  [1m[35m (32.8ms)[0m  [1m[35mALTER TABLE "users" ADD "remember_digest" varchar[0m
  [1m[35mSQL (0.3ms)[0m  [1m[32mINSERT INTO "schema_migrations" ("version") VALUES (?)[0m  [["version", "20171031111828"]]
  [1m[35m (1.1ms)[0m  [1m[36mcommit transaction[0m
  [1m[36mActiveRecord::InternalMetadata Load (0.2ms)[0m  [1m[34mSELECT  "ar_internal_metadata".* FROM "ar_internal_metadata" WHERE "ar_internal_metadata"."key" = ? LIMIT ?[0m  [["key", "environment"], ["LIMIT", 1]]
  [1m[35m (0.1ms)[0m  [1m[36mbegin transaction[0m
  [1m[35m (0.1ms)[0m  [1m[36mcommit transaction[0m
  [1m[35m (0.1ms)[0m  [1m[34mSELECT "schema_migrations"."version" FROM "schema_migrations" ORDER BY "schema_migrations"."version" ASC[0m
Started GET "/signup" for 127.0.0.1 at 2017-10-31 13:03:52 +0100
  [1m[35m (0.3ms)[0m  [1m[34mSELECT "schema_migrations"."version" FROM "schema_migrations" ORDER BY "schema_migrations"."version" ASC[0m
Processing by UsersController#new as HTML
  Rendering users/new.html.erb within layouts/application
  Rendered shared/_error_messages.html.erb (1.0ms)
  Rendered users/new.html.erb within layouts/application (7.6ms)
  Rendered layouts/_shim.html.erb (0.5ms)
  Rendered layouts/_head.html.erb (279.3ms)
  [1m[36mUser Load (0.5ms)[0m  [1m[34mSELECT  "users".* FROM "users" WHERE "users"."id" IS NULL LIMIT ?[0m  [["LIMIT", 1]]
  Rendered layouts/_header.html.erb (3.9ms)
Completed 200 OK in 350ms (Views: 325.4ms | ActiveRecord: 1.4ms)


Started GET "/secret" for 127.0.0.1 at 2017-10-31 13:03:54 +0100
Processing by StaticPagesController#secret_page as HTML
  [1m[36mUser Load (0.2ms)[0m  [1m[34mSELECT  "users".* FROM "users" WHERE "users"."id" IS NULL LIMIT ?[0m  [["LIMIT", 1]]
Redirected to http://localhost:3000/
Filter chain halted as :require_login rendered or redirected
Completed 302 Found in 3ms (ActiveRecord: 0.2ms)


Started GET "/" for 127.0.0.1 at 2017-10-31 13:03:54 +0100
Processing by StaticPagesController#home as HTML
  Rendering static_pages/home.html.erb within layouts/application
  Rendered static_pages/home.html.erb within layouts/application (41.9ms)
  Rendered layouts/_shim.html.erb (0.4ms)
  Rendered layouts/_head.html.erb (33.5ms)
  [1m[36mUser Load (0.3ms)[0m  [1m[34mSELECT  "users".* FROM "users" WHERE "users"."id" IS NULL LIMIT ?[0m  [["LIMIT", 1]]
  Rendered layouts/_header.html.erb (2.8ms)
Completed 200 OK in 101ms (Views: 96.3ms | ActiveRecord: 0.3ms)


Started GET "/secret" for 127.0.0.1 at 2017-10-31 13:03:58 +0100
Processing by StaticPagesController#secret_page as HTML
  [1m[36mUser Load (0.2ms)[0m  [1m[34mSELECT  "users".* FROM "users" WHERE "users"."id" IS NULL LIMIT ?[0m  [["LIMIT", 1]]
Redirected to http://localhost:3000/
Filter chain halted as :require_login rendered or redirected
Completed 302 Found in 2ms (ActiveRecord: 0.2ms)


Started GET "/" for 127.0.0.1 at 2017-10-31 13:03:58 +0100
Processing by StaticPagesController#home as HTML
  Rendering static_pages/home.html.erb within layouts/application
  Rendered static_pages/home.html.erb within layouts/application (2.9ms)
  Rendered layouts/_shim.html.erb (0.3ms)
  Rendered layouts/_head.html.erb (32.3ms)
  [1m[36mUser Load (0.2ms)[0m  [1m[34mSELECT  "users".* FROM "users" WHERE "users"."id" IS NULL LIMIT ?[0m  [["LIMIT", 1]]
  Rendered layouts/_header.html.erb (2.4ms)
Completed 200 OK in 59ms (Views: 55.5ms | ActiveRecord: 0.2ms)


